execve("/usr/bin/python3", ["python3", "./hello.py"], 0xffffed1ccf38 /* 12 vars */) = 0
brk(NULL)                               = 0x11e3b000
faccessat(AT_FDCWD, "/etc/ld.so.preload", R_OK) = -1 ENOENT (No such file or directory)
openat(AT_FDCWD, "/etc/ld.so.cache", O_RDONLY|O_CLOEXEC) = 3
fstat(3, {st_mode=S_IFREG|0644, st_size=34376, ...}) = 0
mmap(NULL, 34376, PROT_READ, MAP_PRIVATE, 3, 0) = 0xffff9e46d000
close(3)                                = 0
openat(AT_FDCWD, "/lib/aarch64-linux-gnu/libc.so.6", O_RDONLY|O_CLOEXEC) = 3
read(3, "\177ELF\2\1\1\3\0\0\0\0\0\0\0\0\3\0\267\0\1\0\0\0`\17\2\0\0\0\0\0"..., 832) = 832
fstat(3, {st_mode=S_IFREG|0755, st_size=1450832, ...}) = 0
mmap(NULL, 8192, PROT_READ|PROT_WRITE, MAP_PRIVATE|MAP_ANONYMOUS, -1, 0) = 0xffff9e46b000
mmap(NULL, 1519552, PROT_READ|PROT_EXEC, MAP_PRIVATE|MAP_DENYWRITE, 3, 0) = 0xffff9e2d5000
mprotect(0xffff9e430000, 61440, PROT_NONE) = 0
mmap(0xffff9e43f000, 24576, PROT_READ|PROT_WRITE, MAP_PRIVATE|MAP_FIXED|MAP_DENYWRITE, 3, 0x15a000) = 0xffff9e43f000
mmap(0xffff9e445000, 12224, PROT_READ|PROT_WRITE, MAP_PRIVATE|MAP_FIXED|MAP_ANONYMOUS, -1, 0) = 0xffff9e445000
close(3)                                = 0
openat(AT_FDCWD, "/lib/aarch64-linux-gnu/libpthread.so.0", O_RDONLY|O_CLOEXEC) = 3
read(3, "\177ELF\2\1\1\0\0\0\0\0\0\0\0\0\3\0\267\0\1\0\0\0Ha\0\0\0\0\0\0"..., 832) = 832
fstat(3, {st_mode=S_IFREG|0755, st_size=164304, ...}) = 0
mmap(NULL, 197624, PROT_READ|PROT_EXEC, MAP_PRIVATE|MAP_DENYWRITE, 3, 0) = 0xffff9e2a4000
mprotect(0xffff9e2c0000, 61440, PROT_NONE) = 0
mmap(0xffff9e2cf000, 8192, PROT_READ|PROT_WRITE, MAP_PRIVATE|MAP_FIXED|MAP_DENYWRITE, 3, 0x1b000) = 0xffff9e2cf000
mmap(0xffff9e2d1000, 13304, PROT_READ|PROT_WRITE, MAP_PRIVATE|MAP_FIXED|MAP_ANONYMOUS, -1, 0) = 0xffff9e2d1000
close(3)                                = 0
openat(AT_FDCWD, "/lib/aarch64-linux-gnu/libdl.so.2", O_RDONLY|O_CLOEXEC) = 3
read(3, "\177ELF\2\1\1\0\0\0\0\0\0\0\0\0\3\0\267\0\1\0\0\0P\17\0\0\0\0\0\0"..., 832) = 832
fstat(3, {st_mode=S_IFREG|0644, st_size=14560, ...}) = 0
mmap(NULL, 78080, PROT_READ|PROT_EXEC, MAP_PRIVATE|MAP_DENYWRITE, 3, 0) = 0xffff9e290000
mprotect(0xffff9e293000, 61440, PROT_NONE) = 0
mmap(0xffff9e2a2000, 8192, PROT_READ|PROT_WRITE, MAP_PRIVATE|MAP_FIXED|MAP_DENYWRITE, 3, 0x2000) = 0xffff9e2a2000
close(3)                                = 0
openat(AT_FDCWD, "/lib/aarch64-linux-gnu/libutil.so.1", O_RDONLY|O_CLOEXEC) = 3
read(3, "\177ELF\2\1\1\0\0\0\0\0\0\0\0\0\3\0\267\0\1\0\0\0000\20\0\0\0\0\0\0"..., 832) = 832
fstat(3, {st_mode=S_IFREG|0644, st_size=14672, ...}) = 0
mmap(NULL, 78112, PROT_READ|PROT_EXEC, MAP_PRIVATE|MAP_DENYWRITE, 3, 0) = 0xffff9e27c000
mprotect(0xffff9e27e000, 65536, PROT_NONE) = 0
mmap(0xffff9e28e000, 8192, PROT_READ|PROT_WRITE, MAP_PRIVATE|MAP_FIXED|MAP_DENYWRITE, 3, 0x2000) = 0xffff9e28e000
close(3)                                = 0
openat(AT_FDCWD, "/lib/aarch64-linux-gnu/libm.so.6", O_RDONLY|O_CLOEXEC) = 3
read(3, "\177ELF\2\1\1\0\0\0\0\0\0\0\0\0\3\0\267\0\1\0\0\0\360\272\0\0\0\0\0\0"..., 832) = 832
fstat(3, {st_mode=S_IFREG|0644, st_size=633832, ...}) = 0
mmap(NULL, 696440, PROT_READ|PROT_EXEC, MAP_PRIVATE|MAP_DENYWRITE, 3, 0) = 0xffff9e1d1000
mprotect(0xffff9e26a000, 65536, PROT_NONE) = 0
mmap(0xffff9e27a000, 8192, PROT_READ|PROT_WRITE, MAP_PRIVATE|MAP_FIXED|MAP_DENYWRITE, 3, 0x99000) = 0xffff9e27a000
close(3)                                = 0
openat(AT_FDCWD, "/lib/aarch64-linux-gnu/libexpat.so.1", O_RDONLY|O_CLOEXEC) = 3
read(3, "\177ELF\2\1\1\0\0\0\0\0\0\0\0\0\3\0\267\0\1\0\0\0\3205\0\0\0\0\0\0"..., 832) = 832
fstat(3, {st_mode=S_IFREG|0644, st_size=157760, ...}) = 0
mmap(NULL, 221344, PROT_READ|PROT_EXEC, MAP_PRIVATE|MAP_DENYWRITE, 3, 0) = 0xffff9e19a000
mprotect(0xffff9e1be000, 65536, PROT_NONE) = 0
mmap(0xffff9e1ce000, 12288, PROT_READ|PROT_WRITE, MAP_PRIVATE|MAP_FIXED|MAP_DENYWRITE, 3, 0x24000) = 0xffff9e1ce000
close(3)                                = 0
openat(AT_FDCWD, "/lib/aarch64-linux-gnu/libz.so.1", O_RDONLY|O_CLOEXEC) = 3
read(3, "\177ELF\2\1\1\3\0\0\0\0\0\0\0\0\3\0\267\0\1\0\0\0` \0\0\0\0\0\0"..., 832) = 832
fstat(3, {st_mode=S_IFREG|0644, st_size=104608, ...}) = 0
mmap(NULL, 8192, PROT_READ|PROT_WRITE, MAP_PRIVATE|MAP_ANONYMOUS, -1, 0) = 0xffff9e469000
mmap(NULL, 168112, PROT_READ|PROT_EXEC, MAP_PRIVATE|MAP_DENYWRITE, 3, 0) = 0xffff9e170000
mprotect(0xffff9e189000, 61440, PROT_NONE) = 0
mmap(0xffff9e198000, 8192, PROT_READ|PROT_WRITE, MAP_PRIVATE|MAP_FIXED|MAP_DENYWRITE, 3, 0x18000) = 0xffff9e198000
close(3)                                = 0
mmap(NULL, 8192, PROT_READ|PROT_WRITE, MAP_PRIVATE|MAP_ANONYMOUS, -1, 0) = 0xffff9e16e000
mprotect(0xffff9e43f000, 16384, PROT_READ) = 0
mprotect(0xffff9e198000, 4096, PROT_READ) = 0
mprotect(0xffff9e1ce000, 8192, PROT_READ) = 0
mprotect(0xffff9e27a000, 4096, PROT_READ) = 0
mprotect(0xffff9e28e000, 4096, PROT_READ) = 0
mprotect(0xffff9e2a2000, 4096, PROT_READ) = 0
mprotect(0xffff9e2cf000, 4096, PROT_READ) = 0
mprotect(0x8ca000, 4096, PROT_READ)     = 0
mprotect(0xffff9e479000, 4096, PROT_READ) = 0
munmap(0xffff9e46d000, 34376)           = 0
set_tid_address(0xffff9e16e0e0)         = 45
set_robust_list(0xffff9e16e0f0, 24)     = 0
rt_sigaction(SIGRTMIN, {sa_handler=0xffff9e2a9bd0, sa_mask=[], sa_flags=SA_SIGINFO}, NULL, 8) = 0
rt_sigaction(SIGRT_1, {sa_handler=0xffff9e2a9c90, sa_mask=[], sa_flags=SA_RESTART|SA_SIGINFO}, NULL, 8) = 0
rt_sigprocmask(SIG_UNBLOCK, [RTMIN RT_1], NULL, 8) = 0
prlimit64(0, RLIMIT_STACK, NULL, {rlim_cur=8192*1024, rlim_max=RLIM64_INFINITY}) = 0
brk(NULL)                               = 0x11e3b000
brk(0x11e5c000)                         = 0x11e5c000
openat(AT_FDCWD, "/usr/lib/locale/locale-archive", O_RDONLY|O_CLOEXEC) = -1 ENOENT (No such file or directory)
openat(AT_FDCWD, "/usr/share/locale/locale.alias", O_RDONLY|O_CLOEXEC) = -1 ENOENT (No such file or directory)
openat(AT_FDCWD, "/usr/lib/locale/C.UTF-8/LC_CTYPE", O_RDONLY|O_CLOEXEC) = 3
fstat(3, {st_mode=S_IFREG|0644, st_size=201272, ...}) = 0
mmap(NULL, 201272, PROT_READ, MAP_PRIVATE, 3, 0) = 0xffff9e13c000
close(3)                                = 0
openat(AT_FDCWD, "/usr/lib/aarch64-linux-gnu/gconv/gconv-modules.cache", O_RDONLY) = 3
fstat(3, {st_mode=S_IFREG|0644, st_size=27004, ...}) = 0
mmap(NULL, 27004, PROT_READ, MAP_SHARED, 3, 0) = 0xffff9e46f000
close(3)                                = 0
futex(0xffff9e44482c, FUTEX_WAKE_PRIVATE, 2147483647) = 0
newfstatat(AT_FDCWD, "/usr/local/sbin/python3", 0xffffc5653458, 0) = -1 ENOENT (No such file or directory)
newfstatat(AT_FDCWD, "/usr/local/bin/python3", 0xffffc5653458, 0) = -1 ENOENT (No such file or directory)
newfstatat(AT_FDCWD, "/usr/sbin/python3", 0xffffc5653458, 0) = -1 ENOENT (No such file or directory)
newfstatat(AT_FDCWD, "/usr/bin/python3", {st_mode=S_IFREG|0755, st_size=5242864, ...}, 0) = 0
readlinkat(AT_FDCWD, "/usr/bin/python3", "python3.8", 4096) = 9
readlinkat(AT_FDCWD, "/usr/bin/python3.8", 0xffffc5641370, 4096) = -1 EINVAL (Invalid argument)
openat(AT_FDCWD, "/usr/bin/pyvenv.cfg", O_RDONLY) = -1 ENOENT (No such file or directory)
openat(AT_FDCWD, "/usr/pyvenv.cfg", O_RDONLY) = -1 ENOENT (No such file or directory)
newfstatat(AT_FDCWD, "/usr/bin/Modules/Setup.local", 0xffffc5647440, 0) = -1 ENOENT (No such file or directory)
newfstatat(AT_FDCWD, "/usr/bin/lib/python3.8/os.py", 0xffffc56422f0, 0) = -1 ENOENT (No such file or directory)
newfstatat(AT_FDCWD, "/usr/bin/lib/python3.8/os.pyc", 0xffffc56422f0, 0) = -1 ENOENT (No such file or directory)
newfstatat(AT_FDCWD, "/usr/lib/python3.8/os.py", {st_mode=S_IFREG|0644, st_size=38995, ...}, 0) = 0
newfstatat(AT_FDCWD, "/usr/bin/pybuilddir.txt", 0xffffc5642430, 0) = -1 ENOENT (No such file or directory)
newfstatat(AT_FDCWD, "/usr/bin/lib/python3.8/lib-dynload", 0xffffc5653458, 0) = -1 ENOENT (No such file or directory)
newfstatat(AT_FDCWD, "/usr/lib/python3.8/lib-dynload", {st_mode=S_IFDIR|0755, st_size=4096, ...}, 0) = 0
getrandom("\x22\x87\x44\xc8\xe8\xec\xa0\xde\xd9\x89\x4d\xa5\x21\x4b\xf4\xf5\x45\x6e\x31\x72\x5a\xa1\x78\x49", 24, GRND_NONBLOCK) = 24
mmap(NULL, 262144, PROT_READ|PROT_WRITE, MAP_PRIVATE|MAP_ANONYMOUS, -1, 0) = 0xffff9e0fc000
mmap(NULL, 262144, PROT_READ|PROT_WRITE, MAP_PRIVATE|MAP_ANONYMOUS, -1, 0) = 0xffff9e0bc000
brk(0x11e80000)                         = 0x11e80000
mmap(NULL, 262144, PROT_READ|PROT_WRITE, MAP_PRIVATE|MAP_ANONYMOUS, -1, 0) = 0xffff9e07c000
sysinfo({uptime=87199, loads=[896, 1184, 0], totalram=13599285248, freeram=10307620864, sharedram=339791872, bufferram=161894400, totalswap=1073737728, freeswap=1073737728, procs=540, totalhigh=0, freehigh=0, mem_unit=1}) = 0
openat(AT_FDCWD, "/etc/localtime", O_RDONLY|O_CLOEXEC) = 3
fstat(3, {st_mode=S_IFREG|0644, st_size=118, ...}) = 0
fstat(3, {st_mode=S_IFREG|0644, st_size=118, ...}) = 0
read(3, "TZif2\0\0\0\0\0\0\0\0\0\0\0\0\0\0\0\0\0\0\1\0\0\0\1\0\0\0\0"..., 4096) = 118
lseek(3, -62, SEEK_CUR)                 = 56
read(3, "TZif2\0\0\0\0\0\0\0\0\0\0\0\0\0\0\0\0\0\0\1\0\0\0\1\0\0\0\0"..., 4096) = 62
close(3)                                = 0
brk(0x11ea1000)                         = 0x11ea1000
sigaltstack({ss_sp=0x11e81470, ss_flags=0, ss_size=32768}, {ss_sp=NULL, ss_flags=SS_DISABLE, ss_size=0}) = 0
newfstatat(AT_FDCWD, "/usr/lib/python38.zip", 0xffffc56556c0, 0) = -1 ENOENT (No such file or directory)
newfstatat(AT_FDCWD, "/usr/lib", {st_mode=S_IFDIR|0755, st_size=4096, ...}, 0) = 0
newfstatat(AT_FDCWD, "/usr/lib/python38.zip", 0xffffc5655290, 0) = -1 ENOENT (No such file or directory)
newfstatat(AT_FDCWD, "/usr/lib/python3.8", {st_mode=S_IFDIR|0755, st_size=12288, ...}, 0) = 0
newfstatat(AT_FDCWD, "/usr/lib/python3.8", {st_mode=S_IFDIR|0755, st_size=12288, ...}, 0) = 0
newfstatat(AT_FDCWD, "/usr/lib/python3.8", {st_mode=S_IFDIR|0755, st_size=12288, ...}, 0) = 0
openat(AT_FDCWD, "/usr/lib/python3.8", O_RDONLY|O_NONBLOCK|O_CLOEXEC|O_DIRECTORY) = 3
fstat(3, {st_mode=S_IFDIR|0755, st_size=12288, ...}) = 0
getdents64(3, /* 206 entries */, 32768) = 6872
getdents64(3, /* 0 entries */, 32768)   = 0
close(3)                                = 0
newfstatat(AT_FDCWD, "/usr/lib/python3.8/encodings/__init__.cpython-38-aarch64-linux-gnu.so", 0xffffc5655770, 0) = -1 ENOENT (No such file or directory)
newfstatat(AT_FDCWD, "/usr/lib/python3.8/encodings/__init__.abi3.so", 0xffffc5655770, 0) = -1 ENOENT (No such file or directory)
newfstatat(AT_FDCWD, "/usr/lib/python3.8/encodings/__init__.so", 0xffffc5655770, 0) = -1 ENOENT (No such file or directory)
newfstatat(AT_FDCWD, "/usr/lib/python3.8/encodings/__init__.py", {st_mode=S_IFREG|0644, st_size=5588, ...}, 0) = 0
mmap(NULL, 262144, PROT_READ|PROT_WRITE, MAP_PRIVATE|MAP_ANONYMOUS, -1, 0) = 0xffff9e03c000
munmap(0xffff9e03c000, 262144)          = 0
mmap(NULL, 262144, PROT_READ|PROT_WRITE, MAP_PRIVATE|MAP_ANONYMOUS, -1, 0) = 0xffff9e03c000
munmap(0xffff9e03c000, 262144)          = 0
mmap(NULL, 262144, PROT_READ|PROT_WRITE, MAP_PRIVATE|MAP_ANONYMOUS, -1, 0) = 0xffff9e03c000
munmap(0xffff9e03c000, 262144)          = 0
mmap(NULL, 262144, PROT_READ|PROT_WRITE, MAP_PRIVATE|MAP_ANONYMOUS, -1, 0) = 0xffff9e03c000
munmap(0xffff9e03c000, 262144)          = 0
mmap(NULL, 262144, PROT_READ|PROT_WRITE, MAP_PRIVATE|MAP_ANONYMOUS, -1, 0) = 0xffff9e03c000
munmap(0xffff9e03c000, 262144)          = 0
mmap(NULL, 262144, PROT_READ|PROT_WRITE, MAP_PRIVATE|MAP_ANONYMOUS, -1, 0) = 0xffff9e03c000
munmap(0xffff9e03c000, 262144)          = 0
mmap(NULL, 262144, PROT_READ|PROT_WRITE, MAP_PRIVATE|MAP_ANONYMOUS, -1, 0) = 0xffff9e03c000
munmap(0xffff9e03c000, 262144)          = 0
mmap(NULL, 262144, PROT_READ|PROT_WRITE, MAP_PRIVATE|MAP_ANONYMOUS, -1, 0) = 0xffff9e03c000
munmap(0xffff9e03c000, 262144)          = 0
mmap(NULL, 262144, PROT_READ|PROT_WRITE, MAP_PRIVATE|MAP_ANONYMOUS, -1, 0) = 0xffff9e03c000
munmap(0xffff9e03c000, 262144)          = 0
newfstatat(AT_FDCWD, "/usr/lib/python3.8/encodings/__init__.py", {st_mode=S_IFREG|0644, st_size=5588, ...}, 0) = 0
mmap(NULL, 262144, PROT_READ|PROT_WRITE, MAP_PRIVATE|MAP_ANONYMOUS, -1, 0) = 0xffff9e03c000
munmap(0xffff9e03c000, 262144)          = 0
mmap(NULL, 262144, PROT_READ|PROT_WRITE, MAP_PRIVATE|MAP_ANONYMOUS, -1, 0) = 0xffff9e03c000
munmap(0xffff9e03c000, 262144)          = 0
openat(AT_FDCWD, "/usr/lib/python3.8/encodings/__pycache__/__init__.cpython-38.pyc", O_RDONLY|O_CLOEXEC) = 3
fcntl(3, F_GETFD)                       = 0x1 (flags FD_CLOEXEC)
fstat(3, {st_mode=S_IFREG|0644, st_size=3903, ...}) = 0
ioctl(3, TCGETS, 0xffffc5655c50)        = -1 ENOTTY (Inappropriate ioctl for device)
lseek(3, 0, SEEK_CUR)                   = 0
lseek(3, 0, SEEK_CUR)                   = 0
fstat(3, {st_mode=S_IFREG|0644, st_size=3903, ...}) = 0
read(3, "U\r\r\n\0\0\0\0\303;rc\324\25\0\0\343\0\0\0\0\0\0\0\0\0\0\0\0\0\0\0"..., 3904) = 3903
read(3, "", 1)                          = 0
close(3)                                = 0
mmap(NULL, 262144, PROT_READ|PROT_WRITE, MAP_PRIVATE|MAP_ANONYMOUS, -1, 0) = 0xffff9e03c000
newfstatat(AT_FDCWD, "/usr/lib/python3.8", {st_mode=S_IFDIR|0755, st_size=12288, ...}, 0) = 0
newfstatat(AT_FDCWD, "/usr/lib/python3.8/codecs.py", {st_mode=S_IFREG|0644, st_size=36667, ...}, 0) = 0
newfstatat(AT_FDCWD, "/usr/lib/python3.8/codecs.py", {st_mode=S_IFREG|0644, st_size=36667, ...}, 0) = 0
openat(AT_FDCWD, "/usr/lib/python3.8/__pycache__/codecs.cpython-38.pyc", O_RDONLY|O_CLOEXEC) = 3
fstat(3, {st_mode=S_IFREG|0644, st_size=33956, ...}) = 0
ioctl(3, TCGETS, 0xffffc5654a40)        = -1 ENOTTY (Inappropriate ioctl for device)
lseek(3, 0, SEEK_CUR)                   = 0
lseek(3, 0, SEEK_CUR)                   = 0
fstat(3, {st_mode=S_IFREG|0644, st_size=33956, ...}) = 0
read(3, "U\r\r\n\0\0\0\0\303;rc;\217\0\0\343\0\0\0\0\0\0\0\0\0\0\0\0\0\0\0"..., 33957) = 33956
read(3, "", 1)                          = 0
close(3)                                = 0
newfstatat(AT_FDCWD, "/usr/lib/python3.8/encodings", {st_mode=S_IFDIR|0755, st_size=4096, ...}, 0) = 0
newfstatat(AT_FDCWD, "/usr/lib/python3.8/encodings", {st_mode=S_IFDIR|0755, st_size=4096, ...}, 0) = 0
newfstatat(AT_FDCWD, "/usr/lib/python3.8/encodings", {st_mode=S_IFDIR|0755, st_size=4096, ...}, 0) = 0
openat(AT_FDCWD, "/usr/lib/python3.8/encodings", O_RDONLY|O_NONBLOCK|O_CLOEXEC|O_DIRECTORY) = 3
fstat(3, {st_mode=S_IFDIR|0755, st_size=4096, ...}) = 0
getdents64(3, /* 126 entries */, 32768) = 4264
getdents64(3, /* 0 entries */, 32768)   = 0
close(3)                                = 0
newfstatat(AT_FDCWD, "/usr/lib/python3.8/encodings/aliases.py", {st_mode=S_IFREG|0644, st_size=15693, ...}, 0) = 0
newfstatat(AT_FDCWD, "/usr/lib/python3.8/encodings/aliases.py", {st_mode=S_IFREG|0644, st_size=15693, ...}, 0) = 0
openat(AT_FDCWD, "/usr/lib/python3.8/encodings/__pycache__/aliases.cpython-38.pyc", O_RDONLY|O_CLOEXEC) = 3
fstat(3, {st_mode=S_IFREG|0644, st_size=6330, ...}) = 0
ioctl(3, TCGETS, 0xffffc56540d0)        = -1 ENOTTY (Inappropriate ioctl for device)
lseek(3, 0, SEEK_CUR)                   = 0
lseek(3, 0, SEEK_CUR)                   = 0
fstat(3, {st_mode=S_IFREG|0644, st_size=6330, ...}) = 0
read(3, "U\r\r\n\0\0\0\0\303;rcM=\0\0\343\0\0\0\0\0\0\0\0\0\0\0\0\0\0\0"..., 6331) = 6330
read(3, "", 1)                          = 0
close(3)                                = 0
newfstatat(AT_FDCWD, "/usr/lib/python3.8/encodings", {st_mode=S_IFDIR|0755, st_size=4096, ...}, 0) = 0
newfstatat(AT_FDCWD, "/usr/lib/python3.8/encodings/utf_8.py", {st_mode=S_IFREG|0644, st_size=1005, ...}, 0) = 0
newfstatat(AT_FDCWD, "/usr/lib/python3.8/encodings/utf_8.py", {st_mode=S_IFREG|0644, st_size=1005, ...}, 0) = 0
openat(AT_FDCWD, "/usr/lib/python3.8/encodings/__pycache__/utf_8.cpython-38.pyc", O_RDONLY|O_CLOEXEC) = 3
fstat(3, {st_mode=S_IFREG|0644, st_size=1630, ...}) = 0
ioctl(3, TCGETS, 0xffffc5655c10)        = -1 ENOTTY (Inappropriate ioctl for device)
lseek(3, 0, SEEK_CUR)                   = 0
lseek(3, 0, SEEK_CUR)                   = 0
fstat(3, {st_mode=S_IFREG|0644, st_size=1630, ...}) = 0
read(3, "U\r\r\n\0\0\0\0\303;rc\355\3\0\0\343\0\0\0\0\0\0\0\0\0\0\0\0\0\0\0"..., 1631) = 1630
read(3, "", 1)                          = 0
close(3)                                = 0
rt_sigaction(SIGPIPE, {sa_handler=SIG_IGN, sa_mask=[], sa_flags=0}, {sa_handler=SIG_DFL, sa_mask=[], sa_flags=0}, 8) = 0
rt_sigaction(SIGXFSZ, {sa_handler=SIG_IGN, sa_mask=[], sa_flags=0}, {sa_handler=SIG_DFL, sa_mask=[], sa_flags=0}, 8) = 0
rt_sigaction(SIGHUP, NULL, {sa_handler=SIG_DFL, sa_mask=[], sa_flags=0}, 8) = 0
rt_sigaction(SIGINT, NULL, {sa_handler=SIG_DFL, sa_mask=[], sa_flags=0}, 8) = 0
rt_sigaction(SIGQUIT, NULL, {sa_handler=SIG_DFL, sa_mask=[], sa_flags=0}, 8) = 0
rt_sigaction(SIGILL, NULL, {sa_handler=SIG_DFL, sa_mask=[], sa_flags=0}, 8) = 0
rt_sigaction(SIGTRAP, NULL, {sa_handler=SIG_DFL, sa_mask=[], sa_flags=0}, 8) = 0
rt_sigaction(SIGABRT, NULL, {sa_handler=SIG_DFL, sa_mask=[], sa_flags=0}, 8) = 0
rt_sigaction(SIGBUS, NULL, {sa_handler=SIG_DFL, sa_mask=[], sa_flags=0}, 8) = 0
rt_sigaction(SIGFPE, NULL, {sa_handler=SIG_DFL, sa_mask=[], sa_flags=0}, 8) = 0
rt_sigaction(SIGKILL, NULL, {sa_handler=SIG_DFL, sa_mask=[], sa_flags=0}, 8) = 0
rt_sigaction(SIGUSR1, NULL, {sa_handler=SIG_DFL, sa_mask=[], sa_flags=0}, 8) = 0
rt_sigaction(SIGSEGV, NULL, {sa_handler=SIG_DFL, sa_mask=[], sa_flags=0}, 8) = 0
rt_sigaction(SIGUSR2, NULL, {sa_handler=SIG_DFL, sa_mask=[], sa_flags=0}, 8) = 0
rt_sigaction(SIGPIPE, NULL, {sa_handler=SIG_IGN, sa_mask=[], sa_flags=0}, 8) = 0
rt_sigaction(SIGALRM, NULL, {sa_handler=SIG_DFL, sa_mask=[], sa_flags=0}, 8) = 0
rt_sigaction(SIGTERM, NULL, {sa_handler=SIG_DFL, sa_mask=[], sa_flags=0}, 8) = 0
rt_sigaction(SIGSTKFLT, NULL, {sa_handler=SIG_DFL, sa_mask=[], sa_flags=0}, 8) = 0
rt_sigaction(SIGCHLD, NULL, {sa_handler=SIG_DFL, sa_mask=[], sa_flags=0}, 8) = 0
rt_sigaction(SIGCONT, NULL, {sa_handler=SIG_DFL, sa_mask=[], sa_flags=0}, 8) = 0
rt_sigaction(SIGSTOP, NULL, {sa_handler=SIG_DFL, sa_mask=[], sa_flags=0}, 8) = 0
rt_sigaction(SIGTSTP, NULL, {sa_handler=SIG_DFL, sa_mask=[], sa_flags=0}, 8) = 0
rt_sigaction(SIGTTIN, NULL, {sa_handler=SIG_DFL, sa_mask=[], sa_flags=0}, 8) = 0
rt_sigaction(SIGTTOU, NULL, {sa_handler=SIG_DFL, sa_mask=[], sa_flags=0}, 8) = 0
rt_sigaction(SIGURG, NULL, {sa_handler=SIG_DFL, sa_mask=[], sa_flags=0}, 8) = 0
rt_sigaction(SIGXCPU, NULL, {sa_handler=SIG_DFL, sa_mask=[], sa_flags=0}, 8) = 0
rt_sigaction(SIGXFSZ, NULL, {sa_handler=SIG_IGN, sa_mask=[], sa_flags=0}, 8) = 0
rt_sigaction(SIGVTALRM, NULL, {sa_handler=SIG_DFL, sa_mask=[], sa_flags=0}, 8) = 0
rt_sigaction(SIGPROF, NULL, {sa_handler=SIG_DFL, sa_mask=[], sa_flags=0}, 8) = 0
rt_sigaction(SIGWINCH, NULL, {sa_handler=SIG_DFL, sa_mask=[], sa_flags=0}, 8) = 0
rt_sigaction(SIGIO, NULL, {sa_handler=SIG_DFL, sa_mask=[], sa_flags=0}, 8) = 0
rt_sigaction(SIGPWR, NULL, {sa_handler=SIG_DFL, sa_mask=[], sa_flags=0}, 8) = 0
rt_sigaction(SIGSYS, NULL, {sa_handler=SIG_DFL, sa_mask=[], sa_flags=0}, 8) = 0
rt_sigaction(SIGRT_2, NULL, {sa_handler=SIG_DFL, sa_mask=[], sa_flags=0}, 8) = 0
rt_sigaction(SIGRT_3, NULL, {sa_handler=SIG_DFL, sa_mask=[], sa_flags=0}, 8) = 0
rt_sigaction(SIGRT_4, NULL, {sa_handler=SIG_DFL, sa_mask=[], sa_flags=0}, 8) = 0
rt_sigaction(SIGRT_5, NULL, {sa_handler=SIG_DFL, sa_mask=[], sa_flags=0}, 8) = 0
rt_sigaction(SIGRT_6, NULL, {sa_handler=SIG_DFL, sa_mask=[], sa_flags=0}, 8) = 0
rt_sigaction(SIGRT_7, NULL, {sa_handler=SIG_DFL, sa_mask=[], sa_flags=0}, 8) = 0
rt_sigaction(SIGRT_8, NULL, {sa_handler=SIG_DFL, sa_mask=[], sa_flags=0}, 8) = 0
rt_sigaction(SIGRT_9, NULL, {sa_handler=SIG_DFL, sa_mask=[], sa_flags=0}, 8) = 0
rt_sigaction(SIGRT_10, NULL, {sa_handler=SIG_DFL, sa_mask=[], sa_flags=0}, 8) = 0
rt_sigaction(SIGRT_11, NULL, {sa_handler=SIG_DFL, sa_mask=[], sa_flags=0}, 8) = 0
rt_sigaction(SIGRT_12, NULL, {sa_handler=SIG_DFL, sa_mask=[], sa_flags=0}, 8) = 0
rt_sigaction(SIGRT_13, NULL, {sa_handler=SIG_DFL, sa_mask=[], sa_flags=0}, 8) = 0
rt_sigaction(SIGRT_14, NULL, {sa_handler=SIG_DFL, sa_mask=[], sa_flags=0}, 8) = 0
rt_sigaction(SIGRT_15, NULL, {sa_handler=SIG_DFL, sa_mask=[], sa_flags=0}, 8) = 0
rt_sigaction(SIGRT_16, NULL, {sa_handler=SIG_DFL, sa_mask=[], sa_flags=0}, 8) = 0
rt_sigaction(SIGRT_17, NULL, {sa_handler=SIG_DFL, sa_mask=[], sa_flags=0}, 8) = 0
rt_sigaction(SIGRT_18, NULL, {sa_handler=SIG_DFL, sa_mask=[], sa_flags=0}, 8) = 0
rt_sigaction(SIGRT_19, NULL, {sa_handler=SIG_DFL, sa_mask=[], sa_flags=0}, 8) = 0
rt_sigaction(SIGRT_20, NULL, {sa_handler=SIG_DFL, sa_mask=[], sa_flags=0}, 8) = 0
rt_sigaction(SIGRT_21, NULL, {sa_handler=SIG_DFL, sa_mask=[], sa_flags=0}, 8) = 0
rt_sigaction(SIGRT_22, NULL, {sa_handler=SIG_DFL, sa_mask=[], sa_flags=0}, 8) = 0
rt_sigaction(SIGRT_23, NULL, {sa_handler=SIG_DFL, sa_mask=[], sa_flags=0}, 8) = 0
rt_sigaction(SIGRT_24, NULL, {sa_handler=SIG_DFL, sa_mask=[], sa_flags=0}, 8) = 0
rt_sigaction(SIGRT_25, NULL, {sa_handler=SIG_DFL, sa_mask=[], sa_flags=0}, 8) = 0
rt_sigaction(SIGRT_26, NULL, {sa_handler=SIG_DFL, sa_mask=[], sa_flags=0}, 8) = 0
rt_sigaction(SIGRT_27, NULL, {sa_handler=SIG_DFL, sa_mask=[], sa_flags=0}, 8) = 0
rt_sigaction(SIGRT_28, NULL, {sa_handler=SIG_DFL, sa_mask=[], sa_flags=0}, 8) = 0
rt_sigaction(SIGRT_29, NULL, {sa_handler=SIG_DFL, sa_mask=[], sa_flags=0}, 8) = 0
rt_sigaction(SIGRT_30, NULL, {sa_handler=SIG_DFL, sa_mask=[], sa_flags=0}, 8) = 0
rt_sigaction(SIGRT_31, NULL, {sa_handler=SIG_DFL, sa_mask=[], sa_flags=0}, 8) = 0
rt_sigaction(SIGRT_32, NULL, {sa_handler=SIG_DFL, sa_mask=[], sa_flags=0}, 8) = 0
rt_sigaction(SIGINT, {sa_handler=0x5dbc28, sa_mask=[], sa_flags=0}, {sa_handler=SIG_DFL, sa_mask=[], sa_flags=0}, 8) = 0
fstat(0, {st_mode=S_IFCHR|0620, st_rdev=makedev(0x88, 0), ...}) = 0
newfstatat(AT_FDCWD, "/usr/lib/python3.8/encodings", {st_mode=S_IFDIR|0755, st_size=4096, ...}, 0) = 0
newfstatat(AT_FDCWD, "/usr/lib/python3.8/encodings/latin_1.py", {st_mode=S_IFREG|0644, st_size=1264, ...}, 0) = 0
newfstatat(AT_FDCWD, "/usr/lib/python3.8/encodings/latin_1.py", {st_mode=S_IFREG|0644, st_size=1264, ...}, 0) = 0
openat(AT_FDCWD, "/usr/lib/python3.8/encodings/__pycache__/latin_1.cpython-38.pyc", O_RDONLY|O_CLOEXEC) = 3
fstat(3, {st_mode=S_IFREG|0644, st_size=1893, ...}) = 0
ioctl(3, TCGETS, 0xffffc5655cd0)        = -1 ENOTTY (Inappropriate ioctl for device)
lseek(3, 0, SEEK_CUR)                   = 0
lseek(3, 0, SEEK_CUR)                   = 0
fstat(3, {st_mode=S_IFREG|0644, st_size=1893, ...}) = 0
read(3, "U\r\r\n\0\0\0\0\303;rc\360\4\0\0\343\0\0\0\0\0\0\0\0\0\0\0\0\0\0\0"..., 1894) = 1893
read(3, "", 1)                          = 0
close(3)                                = 0
newfstatat(AT_FDCWD, "/usr/lib/python3.8", {st_mode=S_IFDIR|0755, st_size=12288, ...}, 0) = 0
newfstatat(AT_FDCWD, "/usr/lib/python3.8/io.py", {st_mode=S_IFREG|0644, st_size=3541, ...}, 0) = 0
newfstatat(AT_FDCWD, "/usr/lib/python3.8/io.py", {st_mode=S_IFREG|0644, st_size=3541, ...}, 0) = 0
openat(AT_FDCWD, "/usr/lib/python3.8/__pycache__/io.cpython-38.pyc", O_RDONLY|O_CLOEXEC) = 3
fstat(3, {st_mode=S_IFREG|0644, st_size=3454, ...}) = 0
ioctl(3, TCGETS, 0xffffc5655cd0)        = -1 ENOTTY (Inappropriate ioctl for device)
brk(0x11ec2000)                         = 0x11ec2000
lseek(3, 0, SEEK_CUR)                   = 0
lseek(3, 0, SEEK_CUR)                   = 0
fstat(3, {st_mode=S_IFREG|0644, st_size=3454, ...}) = 0
read(3, "U\r\r\n\0\0\0\0\303;rc\325\r\0\0\343\0\0\0\0\0\0\0\0\0\0\0\0\0\0\0"..., 3455) = 3454
read(3, "", 1)                          = 0
close(3)                                = 0
brk(0x11ec1000)                         = 0x11ec1000
newfstatat(AT_FDCWD, "/usr/lib/python3.8", {st_mode=S_IFDIR|0755, st_size=12288, ...}, 0) = 0
newfstatat(AT_FDCWD, "/usr/lib/python3.8/abc.py", {st_mode=S_IFREG|0644, st_size=4489, ...}, 0) = 0
newfstatat(AT_FDCWD, "/usr/lib/python3.8/abc.py", {st_mode=S_IFREG|0644, st_size=4489, ...}, 0) = 0
openat(AT_FDCWD, "/usr/lib/python3.8/__pycache__/abc.cpython-38.pyc", O_RDONLY|O_CLOEXEC) = 3
fstat(3, {st_mode=S_IFREG|0644, st_size=5334, ...}) = 0
ioctl(3, TCGETS, 0xffffc5654ac0)        = -1 ENOTTY (Inappropriate ioctl for device)
lseek(3, 0, SEEK_CUR)                   = 0
lseek(3, 0, SEEK_CUR)                   = 0
fstat(3, {st_mode=S_IFREG|0644, st_size=5334, ...}) = 0
read(3, "U\r\r\n\0\0\0\0\303;rc\211\21\0\0\343\0\0\0\0\0\0\0\0\0\0\0\0\0\0\0"..., 5335) = 5334
read(3, "", 1)                          = 0
close(3)                                = 0
dup(0)                                  = 3
close(3)                                = 0
fstat(0, {st_mode=S_IFCHR|0620, st_rdev=makedev(0x88, 0), ...}) = 0
ioctl(0, TCGETS, {B38400 opost isig icanon echo ...}) = 0
lseek(0, 0, SEEK_CUR)                   = -1 ESPIPE (Illegal seek)
ioctl(0, TCGETS, {B38400 opost isig icanon echo ...}) = 0
dup(1)                                  = 3
close(3)                                = 0
fstat(1, {st_mode=S_IFCHR|0620, st_rdev=makedev(0x88, 0), ...}) = 0
ioctl(1, TCGETS, {B38400 opost isig icanon echo ...}) = 0
lseek(1, 0, SEEK_CUR)                   = -1 ESPIPE (Illegal seek)
ioctl(1, TCGETS, {B38400 opost isig icanon echo ...}) = 0
dup(2)                                  = 3
close(3)                                = 0
fstat(2, {st_mode=S_IFCHR|0620, st_rdev=makedev(0x88, 0), ...}) = 0
ioctl(2, TCGETS, {B38400 opost isig icanon echo ...}) = 0
lseek(2, 0, SEEK_CUR)                   = -1 ESPIPE (Illegal seek)
ioctl(2, TCGETS, {B38400 opost isig icanon echo ...}) = 0
newfstatat(AT_FDCWD, "/usr/lib/python3.8", {st_mode=S_IFDIR|0755, st_size=12288, ...}, 0) = 0
newfstatat(AT_FDCWD, "/usr/lib/python3.8/site.py", {st_mode=S_IFREG|0644, st_size=22336, ...}, 0) = 0
newfstatat(AT_FDCWD, "/usr/lib/python3.8/site.py", {st_mode=S_IFREG|0644, st_size=22336, ...}, 0) = 0
openat(AT_FDCWD, "/usr/lib/python3.8/__pycache__/site.cpython-38.pyc", O_RDONLY|O_CLOEXEC) = 3
fstat(3, {st_mode=S_IFREG|0644, st_size=17168, ...}) = 0
ioctl(3, TCGETS, 0xffffc5655da0)        = -1 ENOTTY (Inappropriate ioctl for device)
lseek(3, 0, SEEK_CUR)                   = 0
lseek(3, 0, SEEK_CUR)                   = 0
fstat(3, {st_mode=S_IFREG|0644, st_size=17168, ...}) = 0
read(3, "U\r\r\n\0\0\0\0\303;rc@W\0\0\343\0\0\0\0\0\0\0\0\0\0\0\0\0\0\0"..., 17169) = 17168
read(3, "", 1)                          = 0
close(3)                                = 0
newfstatat(AT_FDCWD, "/usr/lib/python3.8", {st_mode=S_IFDIR|0755, st_size=12288, ...}, 0) = 0
newfstatat(AT_FDCWD, "/usr/lib/python3.8/os.py", {st_mode=S_IFREG|0644, st_size=38995, ...}, 0) = 0
newfstatat(AT_FDCWD, "/usr/lib/python3.8/os.py", {st_mode=S_IFREG|0644, st_size=38995, ...}, 0) = 0
openat(AT_FDCWD, "/usr/lib/python3.8/__pycache__/os.cpython-38.pyc", O_RDONLY|O_CLOEXEC) = 3
fstat(3, {st_mode=S_IFREG|0644, st_size=31397, ...}) = 0
ioctl(3, TCGETS, 0xffffc5654b90)        = -1 ENOTTY (Inappropriate ioctl for device)
lseek(3, 0, SEEK_CUR)                   = 0
lseek(3, 0, SEEK_CUR)                   = 0
fstat(3, {st_mode=S_IFREG|0644, st_size=31397, ...}) = 0
read(3, "U\r\r\n\0\0\0\0\303;rcS\230\0\0\343\0\0\0\0\0\0\0\0\0\0\0\0\0\0\0"..., 31398) = 31397
read(3, "", 1)                          = 0
close(3)                                = 0
mmap(NULL, 262144, PROT_READ|PROT_WRITE, MAP_PRIVATE|MAP_ANONYMOUS, -1, 0) = 0xffff9dffc000
munmap(0xffff9dffc000, 262144)          = 0
mmap(NULL, 262144, PROT_READ|PROT_WRITE, MAP_PRIVATE|MAP_ANONYMOUS, -1, 0) = 0xffff9dffc000
munmap(0xffff9dffc000, 262144)          = 0
mmap(NULL, 262144, PROT_READ|PROT_WRITE, MAP_PRIVATE|MAP_ANONYMOUS, -1, 0) = 0xffff9dffc000
munmap(0xffff9dffc000, 262144)          = 0
mmap(NULL, 262144, PROT_READ|PROT_WRITE, MAP_PRIVATE|MAP_ANONYMOUS, -1, 0) = 0xffff9dffc000
munmap(0xffff9dffc000, 262144)          = 0
mmap(NULL, 262144, PROT_READ|PROT_WRITE, MAP_PRIVATE|MAP_ANONYMOUS, -1, 0) = 0xffff9dffc000
munmap(0xffff9dffc000, 262144)          = 0
mmap(NULL, 262144, PROT_READ|PROT_WRITE, MAP_PRIVATE|MAP_ANONYMOUS, -1, 0) = 0xffff9dffc000
newfstatat(AT_FDCWD, "/usr/lib/python3.8", {st_mode=S_IFDIR|0755, st_size=12288, ...}, 0) = 0
newfstatat(AT_FDCWD, "/usr/lib/python3.8/stat.py", {st_mode=S_IFREG|0644, st_size=5485, ...}, 0) = 0
newfstatat(AT_FDCWD, "/usr/lib/python3.8/stat.py", {st_mode=S_IFREG|0644, st_size=5485, ...}, 0) = 0
openat(AT_FDCWD, "/usr/lib/python3.8/__pycache__/stat.cpython-38.pyc", O_RDONLY|O_CLOEXEC) = 3
fstat(3, {st_mode=S_IFREG|0644, st_size=4372, ...}) = 0
ioctl(3, TCGETS, 0xffffc5653980)        = -1 ENOTTY (Inappropriate ioctl for device)
lseek(3, 0, SEEK_CUR)                   = 0
lseek(3, 0, SEEK_CUR)                   = 0
fstat(3, {st_mode=S_IFREG|0644, st_size=4372, ...}) = 0
read(3, "U\r\r\n\0\0\0\0\303;rcm\25\0\0\343\0\0\0\0\0\0\0\0\0\0\0\0\0\0\0"..., 4373) = 4372
read(3, "", 1)                          = 0
close(3)                                = 0
mmap(NULL, 151552, PROT_READ|PROT_WRITE, MAP_PRIVATE|MAP_ANONYMOUS, -1, 0) = 0xffff9dfd7000
newfstatat(AT_FDCWD, "/usr/lib/python3.8", {st_mode=S_IFDIR|0755, st_size=12288, ...}, 0) = 0
newfstatat(AT_FDCWD, "/usr/lib/python3.8/_collections_abc.py", {st_mode=S_IFREG|0644, st_size=26100, ...}, 0) = 0
newfstatat(AT_FDCWD, "/usr/lib/python3.8/_collections_abc.py", {st_mode=S_IFREG|0644, st_size=26100, ...}, 0) = 0
openat(AT_FDCWD, "/usr/lib/python3.8/__pycache__/_collections_abc.cpython-38.pyc", O_RDONLY|O_CLOEXEC) = 3
fstat(3, {st_mode=S_IFREG|0644, st_size=28741, ...}) = 0
ioctl(3, TCGETS, 0xffffc5653980)        = -1 ENOTTY (Inappropriate ioctl for device)
lseek(3, 0, SEEK_CUR)                   = 0
lseek(3, 0, SEEK_CUR)                   = 0
fstat(3, {st_mode=S_IFREG|0644, st_size=28741, ...}) = 0
read(3, "U\r\r\n\0\0\0\0\303;rc\364e\0\0\343\0\0\0\0\0\0\0\0\0\0\0\0\0\0\0"..., 28742) = 28741
read(3, "", 1)                          = 0
close(3)                                = 0
newfstatat(AT_FDCWD, "/usr/lib/python3.8", {st_mode=S_IFDIR|0755, st_size=12288, ...}, 0) = 0
newfstatat(AT_FDCWD, "/usr/lib/python3.8/posixpath.py", {st_mode=S_IFREG|0644, st_size=15627, ...}, 0) = 0
newfstatat(AT_FDCWD, "/usr/lib/python3.8/posixpath.py", {st_mode=S_IFREG|0644, st_size=15627, ...}, 0) = 0
openat(AT_FDCWD, "/usr/lib/python3.8/__pycache__/posixpath.cpython-38.pyc", O_RDONLY|O_CLOEXEC) = 3
fstat(3, {st_mode=S_IFREG|0644, st_size=10428, ...}) = 0
ioctl(3, TCGETS, 0xffffc5653980)        = -1 ENOTTY (Inappropriate ioctl for device)
lseek(3, 0, SEEK_CUR)                   = 0
lseek(3, 0, SEEK_CUR)                   = 0
fstat(3, {st_mode=S_IFREG|0644, st_size=10428, ...}) = 0
read(3, "U\r\r\n\0\0\0\0\303;rc\v=\0\0\343\0\0\0\0\0\0\0\0\0\0\0\0\0\0\0"..., 10429) = 10428
read(3, "", 1)                          = 0
close(3)                                = 0
newfstatat(AT_FDCWD, "/usr/lib/python3.8", {st_mode=S_IFDIR|0755, st_size=12288, ...}, 0) = 0
newfstatat(AT_FDCWD, "/usr/lib/python3.8/genericpath.py", {st_mode=S_IFREG|0644, st_size=4975, ...}, 0) = 0
newfstatat(AT_FDCWD, "/usr/lib/python3.8/genericpath.py", {st_mode=S_IFREG|0644, st_size=4975, ...}, 0) = 0
openat(AT_FDCWD, "/usr/lib/python3.8/__pycache__/genericpath.cpython-38.pyc", O_RDONLY|O_CLOEXEC) = 3
fstat(3, {st_mode=S_IFREG|0644, st_size=4001, ...}) = 0
ioctl(3, TCGETS, 0xffffc5652770)        = -1 ENOTTY (Inappropriate ioctl for device)
lseek(3, 0, SEEK_CUR)                   = 0
lseek(3, 0, SEEK_CUR)                   = 0
fstat(3, {st_mode=S_IFREG|0644, st_size=4001, ...}) = 0
read(3, "U\r\r\n\0\0\0\0\303;rco\23\0\0\343\0\0\0\0\0\0\0\0\0\0\0\0\0\0\0"..., 4002) = 4001
read(3, "", 1)                          = 0
close(3)                                = 0
mmap(NULL, 262144, PROT_READ|PROT_WRITE, MAP_PRIVATE|MAP_ANONYMOUS, -1, 0) = 0xffff9df97000
newfstatat(AT_FDCWD, "/usr/lib/python3.8", {st_mode=S_IFDIR|0755, st_size=12288, ...}, 0) = 0
newfstatat(AT_FDCWD, "/usr/lib/python3.8/_sitebuiltins.py", {st_mode=S_IFREG|0644, st_size=3115, ...}, 0) = 0
newfstatat(AT_FDCWD, "/usr/lib/python3.8/_sitebuiltins.py", {st_mode=S_IFREG|0644, st_size=3115, ...}, 0) = 0
openat(AT_FDCWD, "/usr/lib/python3.8/__pycache__/_sitebuiltins.cpython-38.pyc", O_RDONLY|O_CLOEXEC) = 3
fstat(3, {st_mode=S_IFREG|0644, st_size=3481, ...}) = 0
ioctl(3, TCGETS, 0xffffc5654b90)        = -1 ENOTTY (Inappropriate ioctl for device)
lseek(3, 0, SEEK_CUR)                   = 0
lseek(3, 0, SEEK_CUR)                   = 0
fstat(3, {st_mode=S_IFREG|0644, st_size=3481, ...}) = 0
read(3, "U\r\r\n\0\0\0\0\303;rc+\f\0\0\343\0\0\0\0\0\0\0\0\0\0\0\0\0\0\0"..., 3482) = 3481
read(3, "", 1)                          = 0
close(3)                                = 0
newfstatat(AT_FDCWD, "/usr/bin/pyvenv.cfg", 0xffffc5655770, 0) = -1 ENOENT (No such file or directory)
newfstatat(AT_FDCWD, "/usr/pyvenv.cfg", 0xffffc5655770, 0) = -1 ENOENT (No such file or directory)
geteuid()                               = 1000
getuid()                                = 1000
getegid()                               = 1000
getgid()                                = 1000
newfstatat(AT_FDCWD, "/home/mix/.local/lib/python3.8/site-packages", 0xffffc5655a80, 0) = -1 ENOENT (No such file or directory)
newfstatat(AT_FDCWD, "/usr/local/lib/python3.8/dist-packages", {st_mode=S_IFDIR|S_ISGID|0775, st_size=4096, ...}, 0) = 0
openat(AT_FDCWD, "/usr/local/lib/python3.8/dist-packages", O_RDONLY|O_NONBLOCK|O_CLOEXEC|O_DIRECTORY) = 3
fstat(3, {st_mode=S_IFDIR|S_ISGID|0775, st_size=4096, ...}) = 0
getdents64(3, /* 2 entries */, 32768)   = 48
getdents64(3, /* 0 entries */, 32768)   = 0
close(3)                                = 0
newfstatat(AT_FDCWD, "/usr/lib/python3/dist-packages", {st_mode=S_IFDIR|0755, st_size=4096, ...}, 0) = 0
openat(AT_FDCWD, "/usr/lib/python3/dist-packages", O_RDONLY|O_NONBLOCK|O_CLOEXEC|O_DIRECTORY) = 3
fstat(3, {st_mode=S_IFDIR|0755, st_size=4096, ...}) = 0
getdents64(3, /* 55 entries */, 32768)  = 2312
getdents64(3, /* 0 entries */, 32768)   = 0
close(3)                                = 0
openat(AT_FDCWD, "/usr/lib/python3/dist-packages/matplotlib-3.1.2-nspkg.pth", O_RDONLY|O_CLOEXEC) = 3
fstat(3, {st_mode=S_IFREG|0644, st_size=569, ...}) = 0
ioctl(3, TCGETS, 0xffffc56550e0)        = -1 ENOTTY (Inappropriate ioctl for device)
lseek(3, 0, SEEK_CUR)                   = 0
ioctl(3, TCGETS, 0xffffc5655580)        = -1 ENOTTY (Inappropriate ioctl for device)
newfstatat(AT_FDCWD, "/usr/lib/python3.8", {st_mode=S_IFDIR|0755, st_size=12288, ...}, 0) = 0
newfstatat(AT_FDCWD, "/usr/lib/python3.8/_bootlocale.py", {st_mode=S_IFREG|0644, st_size=1801, ...}, 0) = 0
newfstatat(AT_FDCWD, "/usr/lib/python3.8/_bootlocale.py", {st_mode=S_IFREG|0644, st_size=1801, ...}, 0) = 0
openat(AT_FDCWD, "/usr/lib/python3.8/__pycache__/_bootlocale.cpython-38.pyc", O_RDONLY|O_CLOEXEC) = 4
fstat(4, {st_mode=S_IFREG|0644, st_size=1243, ...}) = 0
ioctl(4, TCGETS, 0xffffc5653cd0)        = -1 ENOTTY (Inappropriate ioctl for device)
lseek(4, 0, SEEK_CUR)                   = 0
lseek(4, 0, SEEK_CUR)                   = 0
fstat(4, {st_mode=S_IFREG|0644, st_size=1243, ...}) = 0
read(4, "U\r\r\n\0\0\0\0\303;rc\t\7\0\0\343\0\0\0\0\0\0\0\0\0\0\0\0\0\0\0"..., 1244) = 1243
read(4, "", 1)                          = 0
close(4)                                = 0
read(3, "import sys, types, os;has_mfs = "..., 8192) = 569
newfstatat(AT_FDCWD, "/usr/lib/python3.8", {st_mode=S_IFDIR|0755, st_size=12288, ...}, 0) = 0
newfstatat(AT_FDCWD, "/usr/lib/python3.8/types.py", {st_mode=S_IFREG|0644, st_size=9713, ...}, 0) = 0
newfstatat(AT_FDCWD, "/usr/lib/python3.8/types.py", {st_mode=S_IFREG|0644, st_size=9713, ...}, 0) = 0
openat(AT_FDCWD, "/usr/lib/python3.8/__pycache__/types.cpython-38.pyc", O_RDONLY|O_CLOEXEC) = 4
fstat(4, {st_mode=S_IFREG|0644, st_size=9177, ...}) = 0
ioctl(4, TCGETS, 0xffffc5653d10)        = -1 ENOTTY (Inappropriate ioctl for device)
lseek(4, 0, SEEK_CUR)                   = 0
lseek(4, 0, SEEK_CUR)                   = 0
fstat(4, {st_mode=S_IFREG|0644, st_size=9177, ...}) = 0
read(4, "U\r\r\n\0\0\0\0\303;rc\361%\0\0\343\0\0\0\0\0\0\0\0\0\0\0\0\0\0\0"..., 9178) = 9177
read(4, "", 1)                          = 0
close(4)                                = 0
newfstatat(AT_FDCWD, "/usr/lib/python3.8", {st_mode=S_IFDIR|0755, st_size=12288, ...}, 0) = 0
newfstatat(AT_FDCWD, "/usr/lib/python3.8/importlib/__init__.cpython-38-aarch64-linux-gnu.so", 0xffffc5652c80, 0) = -1 ENOENT (No such file or directory)
newfstatat(AT_FDCWD, "/usr/lib/python3.8/importlib/__init__.abi3.so", 0xffffc5652c80, 0) = -1 ENOENT (No such file or directory)
newfstatat(AT_FDCWD, "/usr/lib/python3.8/importlib/__init__.so", 0xffffc5652c80, 0) = -1 ENOENT (No such file or directory)
newfstatat(AT_FDCWD, "/usr/lib/python3.8/importlib/__init__.py", {st_mode=S_IFREG|0644, st_size=6061, ...}, 0) = 0
newfstatat(AT_FDCWD, "/usr/lib/python3.8/importlib/__init__.py", {st_mode=S_IFREG|0644, st_size=6061, ...}, 0) = 0
openat(AT_FDCWD, "/usr/lib/python3.8/importlib/__pycache__/__init__.cpython-38.pyc", O_RDONLY|O_CLOEXEC) = 4
fstat(4, {st_mode=S_IFREG|0644, st_size=3758, ...}) = 0
ioctl(4, TCGETS, 0xffffc5653160)        = -1 ENOTTY (Inappropriate ioctl for device)
lseek(4, 0, SEEK_CUR)                   = 0
lseek(4, 0, SEEK_CUR)                   = 0
fstat(4, {st_mode=S_IFREG|0644, st_size=3758, ...}) = 0
read(4, "U\r\r\n\0\0\0\0\303;rc\255\27\0\0\343\0\0\0\0\0\0\0\0\0\0\0\0\0\0\0"..., 3759) = 3758
read(4, "", 1)                          = 0
close(4)                                = 0
newfstatat(AT_FDCWD, "/usr/lib/python3.8", {st_mode=S_IFDIR|0755, st_size=12288, ...}, 0) = 0
newfstatat(AT_FDCWD, "/usr/lib/python3.8/warnings.py", {st_mode=S_IFREG|0644, st_size=19688, ...}, 0) = 0
newfstatat(AT_FDCWD, "/usr/lib/python3.8/warnings.py", {st_mode=S_IFREG|0644, st_size=19688, ...}, 0) = 0
openat(AT_FDCWD, "/usr/lib/python3.8/__pycache__/warnings.cpython-38.pyc", O_RDONLY|O_CLOEXEC) = 4
fstat(4, {st_mode=S_IFREG|0644, st_size=13652, ...}) = 0
ioctl(4, TCGETS, 0xffffc5651f50)        = -1 ENOTTY (Inappropriate ioctl for device)
lseek(4, 0, SEEK_CUR)                   = 0
lseek(4, 0, SEEK_CUR)                   = 0
fstat(4, {st_mode=S_IFREG|0644, st_size=13652, ...}) = 0
read(4, "U\r\r\n\0\0\0\0\303;rc\350L\0\0\343\0\0\0\0\0\0\0\0\0\0\0\0\0\0\0"..., 13653) = 13652
read(4, "", 1)                          = 0
close(4)                                = 0
newfstatat(AT_FDCWD, "/usr/lib/python3.8/importlib", {st_mode=S_IFDIR|0755, st_size=4096, ...}, 0) = 0
newfstatat(AT_FDCWD, "/usr/lib/python3.8/importlib", {st_mode=S_IFDIR|0755, st_size=4096, ...}, 0) = 0
newfstatat(AT_FDCWD, "/usr/lib/python3.8/importlib", {st_mode=S_IFDIR|0755, st_size=4096, ...}, 0) = 0
openat(AT_FDCWD, "/usr/lib/python3.8/importlib", O_RDONLY|O_NONBLOCK|O_CLOEXEC|O_DIRECTORY) = 4
fstat(4, {st_mode=S_IFDIR|0755, st_size=4096, ...}) = 0
getdents64(4, /* 11 entries */, 32768)  = 360
getdents64(4, /* 0 entries */, 32768)   = 0
close(4)                                = 0
newfstatat(AT_FDCWD, "/usr/lib/python3.8/importlib/util.py", {st_mode=S_IFREG|0644, st_size=11319, ...}, 0) = 0
newfstatat(AT_FDCWD, "/usr/lib/python3.8/importlib/util.py", {st_mode=S_IFREG|0644, st_size=11319, ...}, 0) = 0
openat(AT_FDCWD, "/usr/lib/python3.8/importlib/__pycache__/util.cpython-38.pyc", O_RDONLY|O_CLOEXEC) = 4
fstat(4, {st_mode=S_IFREG|0644, st_size=9292, ...}) = 0
ioctl(4, TCGETS, 0xffffc5653c20)        = -1 ENOTTY (Inappropriate ioctl for device)
lseek(4, 0, SEEK_CUR)                   = 0
lseek(4, 0, SEEK_CUR)                   = 0
fstat(4, {st_mode=S_IFREG|0644, st_size=9292, ...}) = 0
read(4, "U\r\r\n\0\0\0\0\303;rc7,\0\0\343\0\0\0\0\0\0\0\0\0\0\0\0\0\0\0"..., 9293) = 9292
read(4, "", 1)                          = 0
close(4)                                = 0
newfstatat(AT_FDCWD, "/usr/lib/python3.8/importlib", {st_mode=S_IFDIR|0755, st_size=4096, ...}, 0) = 0
newfstatat(AT_FDCWD, "/usr/lib/python3.8/importlib/abc.py", {st_mode=S_IFREG|0644, st_size=12873, ...}, 0) = 0
newfstatat(AT_FDCWD, "/usr/lib/python3.8/importlib/abc.py", {st_mode=S_IFREG|0644, st_size=12873, ...}, 0) = 0
openat(AT_FDCWD, "/usr/lib/python3.8/importlib/__pycache__/abc.cpython-38.pyc", O_RDONLY|O_CLOEXEC) = 4
fstat(4, {st_mode=S_IFREG|0644, st_size=13573, ...}) = 0
ioctl(4, TCGETS, 0xffffc56520a0)        = -1 ENOTTY (Inappropriate ioctl for device)
lseek(4, 0, SEEK_CUR)                   = 0
lseek(4, 0, SEEK_CUR)                   = 0
fstat(4, {st_mode=S_IFREG|0644, st_size=13573, ...}) = 0
read(4, "U\r\r\n\0\0\0\0\303;rcI2\0\0\343\0\0\0\0\0\0\0\0\0\0\0\0\0\0\0"..., 13574) = 13573
read(4, "", 1)                          = 0
close(4)                                = 0
newfstatat(AT_FDCWD, "/usr/lib/python3.8/importlib", {st_mode=S_IFDIR|0755, st_size=4096, ...}, 0) = 0
newfstatat(AT_FDCWD, "/usr/lib/python3.8/importlib/machinery.py", {st_mode=S_IFREG|0644, st_size=844, ...}, 0) = 0
newfstatat(AT_FDCWD, "/usr/lib/python3.8/importlib/machinery.py", {st_mode=S_IFREG|0644, st_size=844, ...}, 0) = 0
openat(AT_FDCWD, "/usr/lib/python3.8/importlib/__pycache__/machinery.cpython-38.pyc", O_RDONLY|O_CLOEXEC) = 4
fstat(4, {st_mode=S_IFREG|0644, st_size=962, ...}) = 0
ioctl(4, TCGETS, 0xffffc5650520)        = -1 ENOTTY (Inappropriate ioctl for device)
lseek(4, 0, SEEK_CUR)                   = 0
lseek(4, 0, SEEK_CUR)                   = 0
fstat(4, {st_mode=S_IFREG|0644, st_size=962, ...}) = 0
read(4, "U\r\r\n\0\0\0\0\303;rcL\3\0\0\343\0\0\0\0\0\0\0\0\0\0\0\0\0\0\0"..., 963) = 962
read(4, "", 1)                          = 0
close(4)                                = 0
newfstatat(AT_FDCWD, "/usr/lib/python3.8", {st_mode=S_IFDIR|0755, st_size=12288, ...}, 0) = 0
newfstatat(AT_FDCWD, "/usr/lib/python3.8/contextlib.py", {st_mode=S_IFREG|0644, st_size=24995, ...}, 0) = 0
newfstatat(AT_FDCWD, "/usr/lib/python3.8/contextlib.py", {st_mode=S_IFREG|0644, st_size=24995, ...}, 0) = 0
openat(AT_FDCWD, "/usr/lib/python3.8/__pycache__/contextlib.cpython-38.pyc", O_RDONLY|O_CLOEXEC) = 4
fstat(4, {st_mode=S_IFREG|0644, st_size=20229, ...}) = 0
ioctl(4, TCGETS, 0xffffc5652a10)        = -1 ENOTTY (Inappropriate ioctl for device)
lseek(4, 0, SEEK_CUR)                   = 0
lseek(4, 0, SEEK_CUR)                   = 0
fstat(4, {st_mode=S_IFREG|0644, st_size=20229, ...}) = 0
read(4, "U\r\r\n\0\0\0\0\303;rc\243a\0\0\343\0\0\0\0\0\0\0\0\0\0\0\0\0\0\0"..., 20230) = 20229
read(4, "", 1)                          = 0
close(4)                                = 0
brk(0x11ee2000)                         = 0x11ee2000
mmap(NULL, 262144, PROT_READ|PROT_WRITE, MAP_PRIVATE|MAP_ANONYMOUS, -1, 0) = 0xffff9df57000
brk(0x11ee1000)                         = 0x11ee1000
newfstatat(AT_FDCWD, "/usr/lib/python3.8", {st_mode=S_IFDIR|0755, st_size=12288, ...}, 0) = 0
newfstatat(AT_FDCWD, "/usr/lib/python3.8/collections/__init__.cpython-38-aarch64-linux-gnu.so", 0xffffc5651320, 0) = -1 ENOENT (No such file or directory)
newfstatat(AT_FDCWD, "/usr/lib/python3.8/collections/__init__.abi3.so", 0xffffc5651320, 0) = -1 ENOENT (No such file or directory)
newfstatat(AT_FDCWD, "/usr/lib/python3.8/collections/__init__.so", 0xffffc5651320, 0) = -1 ENOENT (No such file or directory)
newfstatat(AT_FDCWD, "/usr/lib/python3.8/collections/__init__.py", {st_mode=S_IFREG|0644, st_size=47939, ...}, 0) = 0
newfstatat(AT_FDCWD, "/usr/lib/python3.8/collections/__init__.py", {st_mode=S_IFREG|0644, st_size=47939, ...}, 0) = 0
openat(AT_FDCWD, "/usr/lib/python3.8/collections/__pycache__/__init__.cpython-38.pyc", O_RDONLY|O_CLOEXEC) = 4
fstat(4, {st_mode=S_IFREG|0644, st_size=46436, ...}) = 0
ioctl(4, TCGETS, 0xffffc5651800)        = -1 ENOTTY (Inappropriate ioctl for device)
lseek(4, 0, SEEK_CUR)                   = 0
lseek(4, 0, SEEK_CUR)                   = 0
fstat(4, {st_mode=S_IFREG|0644, st_size=46436, ...}) = 0
read(4, "U\r\r\n\0\0\0\0\303;rcC\273\0\0\343\0\0\0\0\0\0\0\0\0\0\0\0\0\0\0"..., 46437) = 46436
read(4, "", 1)                          = 0
close(4)                                = 0
newfstatat(AT_FDCWD, "/usr/lib/python3.8", {st_mode=S_IFDIR|0755, st_size=12288, ...}, 0) = 0
newfstatat(AT_FDCWD, "/usr/lib/python3.8/operator.py", {st_mode=S_IFREG|0644, st_size=10711, ...}, 0) = 0
newfstatat(AT_FDCWD, "/usr/lib/python3.8/operator.py", {st_mode=S_IFREG|0644, st_size=10711, ...}, 0) = 0
openat(AT_FDCWD, "/usr/lib/python3.8/__pycache__/operator.cpython-38.pyc", O_RDONLY|O_CLOEXEC) = 4
fstat(4, {st_mode=S_IFREG|0644, st_size=13691, ...}) = 0
ioctl(4, TCGETS, 0xffffc56505f0)        = -1 ENOTTY (Inappropriate ioctl for device)
lseek(4, 0, SEEK_CUR)                   = 0
lseek(4, 0, SEEK_CUR)                   = 0
fstat(4, {st_mode=S_IFREG|0644, st_size=13691, ...}) = 0
read(4, "U\r\r\n\0\0\0\0\303;rc\327)\0\0\343\0\0\0\0\0\0\0\0\0\0\0\0\0\0\0"..., 13692) = 13691
read(4, "", 1)                          = 0
close(4)                                = 0
newfstatat(AT_FDCWD, "/usr/lib/python3.8", {st_mode=S_IFDIR|0755, st_size=12288, ...}, 0) = 0
newfstatat(AT_FDCWD, "/usr/lib/python3.8/keyword.py", {st_mode=S_IFREG|0644, st_size=945, ...}, 0) = 0
newfstatat(AT_FDCWD, "/usr/lib/python3.8/keyword.py", {st_mode=S_IFREG|0644, st_size=945, ...}, 0) = 0
openat(AT_FDCWD, "/usr/lib/python3.8/__pycache__/keyword.cpython-38.pyc", O_RDONLY|O_CLOEXEC) = 4
fstat(4, {st_mode=S_IFREG|0644, st_size=998, ...}) = 0
ioctl(4, TCGETS, 0xffffc56505f0)        = -1 ENOTTY (Inappropriate ioctl for device)
lseek(4, 0, SEEK_CUR)                   = 0
lseek(4, 0, SEEK_CUR)                   = 0
fstat(4, {st_mode=S_IFREG|0644, st_size=998, ...}) = 0
read(4, "U\r\r\n\0\0\0\0\303;rc\261\3\0\0\343\0\0\0\0\0\0\0\0\0\0\0\0\0\0\0"..., 999) = 998
read(4, "", 1)                          = 0
close(4)                                = 0
newfstatat(AT_FDCWD, "/usr/lib/python3.8", {st_mode=S_IFDIR|0755, st_size=12288, ...}, 0) = 0
newfstatat(AT_FDCWD, "/usr/lib/python3.8/heapq.py", {st_mode=S_IFREG|0644, st_size=22877, ...}, 0) = 0
newfstatat(AT_FDCWD, "/usr/lib/python3.8/heapq.py", {st_mode=S_IFREG|0644, st_size=22877, ...}, 0) = 0
openat(AT_FDCWD, "/usr/lib/python3.8/__pycache__/heapq.cpython-38.pyc", O_RDONLY|O_CLOEXEC) = 4
fstat(4, {st_mode=S_IFREG|0644, st_size=14070, ...}) = 0
ioctl(4, TCGETS, 0xffffc56505f0)        = -1 ENOTTY (Inappropriate ioctl for device)
lseek(4, 0, SEEK_CUR)                   = 0
lseek(4, 0, SEEK_CUR)                   = 0
fstat(4, {st_mode=S_IFREG|0644, st_size=14070, ...}) = 0
read(4, "U\r\r\n\0\0\0\0\303;rc]Y\0\0\343\0\0\0\0\0\0\0\0\0\0\0\0\0\0\0"..., 14071) = 14070
read(4, "", 1)                          = 0
close(4)                                = 0
newfstatat(AT_FDCWD, "/usr/lib/python3.8", {st_mode=S_IFDIR|0755, st_size=12288, ...}, 0) = 0
newfstatat(AT_FDCWD, "/usr/lib/python3.8/reprlib.py", {st_mode=S_IFREG|0644, st_size=5267, ...}, 0) = 0
newfstatat(AT_FDCWD, "/usr/lib/python3.8/reprlib.py", {st_mode=S_IFREG|0644, st_size=5267, ...}, 0) = 0
openat(AT_FDCWD, "/usr/lib/python3.8/__pycache__/reprlib.cpython-38.pyc", O_RDONLY|O_CLOEXEC) = 4
fstat(4, {st_mode=S_IFREG|0644, st_size=5303, ...}) = 0
ioctl(4, TCGETS, 0xffffc56505f0)        = -1 ENOTTY (Inappropriate ioctl for device)
lseek(4, 0, SEEK_CUR)                   = 0
lseek(4, 0, SEEK_CUR)                   = 0
fstat(4, {st_mode=S_IFREG|0644, st_size=5303, ...}) = 0
read(4, "U\r\r\n\0\0\0\0\303;rc\223\24\0\0\343\0\0\0\0\0\0\0\0\0\0\0\0\0\0\0"..., 5304) = 5303
read(4, "", 1)                          = 0
close(4)                                = 0
mmap(NULL, 262144, PROT_READ|PROT_WRITE, MAP_PRIVATE|MAP_ANONYMOUS, -1, 0) = 0xffff9df17000
newfstatat(AT_FDCWD, "/usr/lib/python3.8", {st_mode=S_IFDIR|0755, st_size=12288, ...}, 0) = 0
newfstatat(AT_FDCWD, "/usr/lib/python3.8/functools.py", {st_mode=S_IFREG|0644, st_size=37406, ...}, 0) = 0
newfstatat(AT_FDCWD, "/usr/lib/python3.8/functools.py", {st_mode=S_IFREG|0644, st_size=37406, ...}, 0) = 0
openat(AT_FDCWD, "/usr/lib/python3.8/__pycache__/functools.cpython-38.pyc", O_RDONLY|O_CLOEXEC) = 4
fstat(4, {st_mode=S_IFREG|0644, st_size=27901, ...}) = 0
ioctl(4, TCGETS, 0xffffc5651800)        = -1 ENOTTY (Inappropriate ioctl for device)
lseek(4, 0, SEEK_CUR)                   = 0
lseek(4, 0, SEEK_CUR)                   = 0
fstat(4, {st_mode=S_IFREG|0644, st_size=27901, ...}) = 0
read(4, "U\r\r\n\0\0\0\0\303;rc\36\222\0\0\343\0\0\0\0\0\0\0\0\0\0\0\0\0\0\0"..., 27902) = 27901
read(4, "", 1)                          = 0
close(4)                                = 0
newfstatat(AT_FDCWD, "/usr/lib/python3/dist-packages", {st_mode=S_IFDIR|0755, st_size=4096, ...}, 0) = 0
newfstatat(AT_FDCWD, "/usr/lib/python3/dist-packages", {st_mode=S_IFDIR|0755, st_size=4096, ...}, 0) = 0
newfstatat(AT_FDCWD, "/usr/lib/python3/dist-packages", {st_mode=S_IFDIR|0755, st_size=4096, ...}, 0) = 0
openat(AT_FDCWD, "/usr/lib/python3/dist-packages", O_RDONLY|O_NONBLOCK|O_CLOEXEC|O_DIRECTORY) = 4
fstat(4, {st_mode=S_IFDIR|0755, st_size=4096, ...}) = 0
getdents64(4, /* 55 entries */, 32768)  = 2312
getdents64(4, /* 0 entries */, 32768)   = 0
close(4)                                = 0
newfstatat(AT_FDCWD, "/usr/lib/python3/dist-packages/mpl_toolkits/__init__.cpython-38-aarch64-linux-gnu.so", 0xffffc5654250, 0) = -1 ENOENT (No such file or directory)
newfstatat(AT_FDCWD, "/usr/lib/python3/dist-packages/mpl_toolkits/__init__.abi3.so", 0xffffc5654250, 0) = -1 ENOENT (No such file or directory)
newfstatat(AT_FDCWD, "/usr/lib/python3/dist-packages/mpl_toolkits/__init__.so", 0xffffc5654250, 0) = -1 ENOENT (No such file or directory)
newfstatat(AT_FDCWD, "/usr/lib/python3/dist-packages/mpl_toolkits/__init__.py", {st_mode=S_IFREG|0644, st_size=122, ...}, 0) = 0
read(3, "", 8192)                       = 0
close(3)                                = 0
newfstatat(AT_FDCWD, "/usr/lib/python3.8/dist-packages", {st_mode=S_IFDIR|0755, st_size=4096, ...}, 0) = 0
openat(AT_FDCWD, "/usr/lib/python3.8/dist-packages", O_RDONLY|O_NONBLOCK|O_CLOEXEC|O_DIRECTORY) = 3
fstat(3, {st_mode=S_IFDIR|0755, st_size=4096, ...}) = 0
getdents64(3, /* 3 entries */, 32768)   = 80
getdents64(3, /* 0 entries */, 32768)   = 0
close(3)                                = 0
newfstatat(AT_FDCWD, "/usr/lib/python3.8", {st_mode=S_IFDIR|0755, st_size=12288, ...}, 0) = 0
newfstatat(AT_FDCWD, "/usr/lib/python3.8/sitecustomize.py", {st_mode=S_IFREG|0644, st_size=155, ...}, 0) = 0
newfstatat(AT_FDCWD, "/usr/lib/python3.8/sitecustomize.py", {st_mode=S_IFREG|0644, st_size=155, ...}, 0) = 0
openat(AT_FDCWD, "/usr/lib/python3.8/__pycache__/sitecustomize.cpython-38.pyc", O_RDONLY|O_CLOEXEC) = 3
fstat(3, {st_mode=S_IFREG|0644, st_size=220, ...}) = 0
ioctl(3, TCGETS, 0xffffc5654730)        = -1 ENOTTY (Inappropriate ioctl for device)
lseek(3, 0, SEEK_CUR)                   = 0
lseek(3, 0, SEEK_CUR)                   = 0
fstat(3, {st_mode=S_IFREG|0644, st_size=220, ...}) = 0
read(3, "U\r\r\n\0\0\0\0\303;rc\233\0\0\0\343\0\0\0\0\0\0\0\0\0\0\0\0\0\0\0"..., 221) = 220
read(3, "", 1)                          = 0
close(3)                                = 0
newfstatat(AT_FDCWD, "/usr/lib/python3.8", {st_mode=S_IFDIR|0755, st_size=12288, ...}, 0) = 0
newfstatat(AT_FDCWD, "/usr/lib/python3.8/lib-dynload", {st_mode=S_IFDIR|0755, st_size=4096, ...}, 0) = 0
newfstatat(AT_FDCWD, "/usr/lib/python3.8/lib-dynload", {st_mode=S_IFDIR|0755, st_size=4096, ...}, 0) = 0
newfstatat(AT_FDCWD, "/usr/lib/python3.8/lib-dynload", {st_mode=S_IFDIR|0755, st_size=4096, ...}, 0) = 0
openat(AT_FDCWD, "/usr/lib/python3.8/lib-dynload", O_RDONLY|O_NONBLOCK|O_CLOEXEC|O_DIRECTORY) = 3
fstat(3, {st_mode=S_IFDIR|0755, st_size=4096, ...}) = 0
getdents64(3, /* 47 entries */, 32768)  = 2952
getdents64(3, /* 0 entries */, 32768)   = 0
close(3)                                = 0
newfstatat(AT_FDCWD, "/usr/local/lib/python3.8/dist-packages", {st_mode=S_IFDIR|S_ISGID|0775, st_size=4096, ...}, 0) = 0
newfstatat(AT_FDCWD, "/usr/local/lib/python3.8/dist-packages", {st_mode=S_IFDIR|S_ISGID|0775, st_size=4096, ...}, 0) = 0
newfstatat(AT_FDCWD, "/usr/local/lib/python3.8/dist-packages", {st_mode=S_IFDIR|S_ISGID|0775, st_size=4096, ...}, 0) = 0
openat(AT_FDCWD, "/usr/local/lib/python3.8/dist-packages", O_RDONLY|O_NONBLOCK|O_CLOEXEC|O_DIRECTORY) = 3
fstat(3, {st_mode=S_IFDIR|S_ISGID|0775, st_size=4096, ...}) = 0
getdents64(3, /* 2 entries */, 32768)   = 48
getdents64(3, /* 0 entries */, 32768)   = 0
close(3)                                = 0
newfstatat(AT_FDCWD, "/usr/lib/python3/dist-packages", {st_mode=S_IFDIR|0755, st_size=4096, ...}, 0) = 0
newfstatat(AT_FDCWD, "/usr/lib/python3.8/dist-packages", {st_mode=S_IFDIR|0755, st_size=4096, ...}, 0) = 0
newfstatat(AT_FDCWD, "/usr/lib/python3.8/dist-packages", {st_mode=S_IFDIR|0755, st_size=4096, ...}, 0) = 0
newfstatat(AT_FDCWD, "/usr/lib/python3.8/dist-packages", {st_mode=S_IFDIR|0755, st_size=4096, ...}, 0) = 0
openat(AT_FDCWD, "/usr/lib/python3.8/dist-packages", O_RDONLY|O_NONBLOCK|O_CLOEXEC|O_DIRECTORY) = 3
fstat(3, {st_mode=S_IFDIR|0755, st_size=4096, ...}) = 0
getdents64(3, /* 3 entries */, 32768)   = 80
getdents64(3, /* 0 entries */, 32768)   = 0
close(3)                                = 0
newfstatat(AT_FDCWD, "/usr/lib/python3.8", {st_mode=S_IFDIR|0755, st_size=12288, ...}, 0) = 0
newfstatat(AT_FDCWD, "/usr/lib/python3.8/lib-dynload", {st_mode=S_IFDIR|0755, st_size=4096, ...}, 0) = 0
newfstatat(AT_FDCWD, "/usr/local/lib/python3.8/dist-packages", {st_mode=S_IFDIR|S_ISGID|0775, st_size=4096, ...}, 0) = 0
newfstatat(AT_FDCWD, "/usr/lib/python3/dist-packages", {st_mode=S_IFDIR|0755, st_size=4096, ...}, 0) = 0
newfstatat(AT_FDCWD, "/usr/lib/python3.8/dist-packages", {st_mode=S_IFDIR|0755, st_size=4096, ...}, 0) = 0
newfstatat(AT_FDCWD, "./hello.py", {st_mode=S_IFREG|0777, st_size=41, ...}, 0) = 0
openat(AT_FDCWD, "./hello.py", O_RDONLY|O_CLOEXEC) = 3
fstat(3, {st_mode=S_IFREG|0777, st_size=41, ...}) = 0
ioctl(3, TCGETS, 0xffffc5656ce0)        = -1 ENOTTY (Inappropriate ioctl for device)
lseek(3, 0, SEEK_CUR)                   = 0
lseek(3, -22, SEEK_END)                 = 19
lseek(3, 0, SEEK_CUR)                   = 19
read(3, "\nprint(\"hello world\")\n", 4096) = 22
lseek(3, 0, SEEK_END)                   = 41
lseek(3, 0, SEEK_CUR)                   = 41
lseek(3, 0, SEEK_SET)                   = 0
lseek(3, 0, SEEK_CUR)                   = 0
fstat(3, {st_mode=S_IFREG|0777, st_size=41, ...}) = 0
read(3, "#! /usr/bin/python3\nprint(\"hello"..., 42) = 41
read(3, "", 1)                          = 0
close(3)                                = 0
newfstatat(AT_FDCWD, "./hello.py", {st_mode=S_IFREG|0777, st_size=41, ...}, 0) = 0
readlinkat(AT_FDCWD, "./hello.py", 0xffffc5646aa0, 4096) = -1 EINVAL (Invalid argument)
getcwd("/mount/01-02", 4096)            = 13
newfstatat(AT_FDCWD, "/mount/01-02/hello.py", {st_mode=S_IFREG|0777, st_size=41, ...}, AT_SYMLINK_NOFOLLOW) = 0
openat(AT_FDCWD, "./hello.py", O_RDONLY) = 3
fcntl(3, F_GETFD)                       = 0
fcntl(3, F_SETFD, FD_CLOEXEC)           = 0
fstat(3, {st_mode=S_IFREG|0777, st_size=41, ...}) = 0
ioctl(3, TCGETS, 0xffffc56579f0)        = -1 ENOTTY (Inappropriate ioctl for device)
lseek(3, 0, SEEK_CUR)                   = 0
fstat(3, {st_mode=S_IFREG|0777, st_size=41, ...}) = 0
read(3, "#! /usr/bin/python3\nprint(\"hello"..., 4096) = 41
lseek(3, 0, SEEK_SET)                   = 0
brk(0x11f05000)                         = 0x11f05000
read(3, "#! /usr/bin/python3\nprint(\"hello"..., 4096) = 41
read(3, "", 4096)                       = 0
brk(0x11efb000)                         = 0x11efb000
brk(0x11ef9000)                         = 0x11ef9000
close(3)                                = 0
write(1, "hello world\n", 12)           = 12
brk(0x11ef7000)                         = 0x11ef7000
rt_sigaction(SIGINT, {sa_handler=SIG_DFL, sa_mask=[], sa_flags=0}, {sa_handler=0x5dbc28, sa_mask=[], sa_flags=0}, 8) = 0
brk(0x11ef6000)                         = 0x11ef6000
brk(0x11ef3000)                         = 0x11ef3000
sigaltstack(NULL, {ss_sp=0x11e81470, ss_flags=0, ss_size=32768}) = 0
sigaltstack({ss_sp=NULL, ss_flags=SS_DISABLE, ss_size=0}, NULL) = 0
exit_group(0)                           = ?
+++ exited with 0 +++
